d:\study\git\projectcpp\dxlibproject\shootinggameprj\shooting\x64\debug\vc142.pdb
d:\study\git\projectcpp\dxlibproject\shootinggameprj\shooting\x64\debug\vc142.idb
d:\study\git\projectcpp\dxlibproject\shootinggameprj\shooting\x64\debug\playermanager.obj
d:\study\git\projectcpp\dxlibproject\shootinggameprj\shooting\x64\debug\monstermanager.obj
d:\study\git\projectcpp\dxlibproject\shootinggameprj\shooting\x64\debug\inputkey.obj
d:\study\git\projectcpp\dxlibproject\shootinggameprj\shooting\x64\debug\gamedata.obj
d:\study\git\projectcpp\dxlibproject\shootinggameprj\shooting\x64\debug\bulletmanager.obj
d:\study\git\projectcpp\dxlibproject\shootinggameprj\shooting\x64\debug\baseobject.obj
d:\study\git\projectcpp\dxlibproject\shootinggameprj\shooting\x64\debug\mainmanager.obj
d:\study\git\projectcpp\dxlibproject\shootinggameprj\shooting\x64\debug\main.obj
d:\study\git\projectcpp\dxlibproject\shootinggameprj\shooting\x64\debug\stage.obj
d:\study\git\projectcpp\dxlibproject\shootinggameprj\shooting\x64\debug\player.obj
d:\study\git\projectcpp\dxlibproject\shootinggameprj\shooting\x64\debug\monster.obj
d:\study\git\projectcpp\dxlibproject\shootinggameprj\shooting\x64\debug\bullethell.obj
d:\study\git\projectcpp\dxlibproject\shootinggameprj\shooting\x64\debug\bullet.obj
d:\study\git\projectcpp\dxlibproject\shootinggameprj\shooting\x64\debug\title.obj
d:\study\git\projectcpp\dxlibproject\shootinggameprj\shooting\x64\debug\stagemanager.obj
d:\study\git\projectcpp\dxlibproject\shootinggameprj\shooting\x64\debug\result.obj
d:\study\git\projectcpp\dxlibproject\shootinggameprj\shooting\x64\debug\option.obj
d:\study\git\projectcpp\dxlibproject\shootinggameprj\shooting\x64\debug\basescenecontroller.obj
d:\study\git\projectcpp\dxlibproject\shootinggameprj\x64\debug\shooting.pdb
d:\study\git\projectcpp\dxlibproject\shootinggameprj\shooting\x64\debug\shooting.tlog\cl.command.1.tlog
d:\study\git\projectcpp\dxlibproject\shootinggameprj\shooting\x64\debug\shooting.tlog\cl.read.1.tlog
d:\study\git\projectcpp\dxlibproject\shootinggameprj\shooting\x64\debug\shooting.tlog\cl.write.1.tlog
d:\study\git\projectcpp\dxlibproject\shootinggameprj\shooting\x64\debug\shooting.tlog\link-cvtres.read.1.tlog
d:\study\git\projectcpp\dxlibproject\shootinggameprj\shooting\x64\debug\shooting.tlog\link-cvtres.write.1.tlog
d:\study\git\projectcpp\dxlibproject\shootinggameprj\shooting\x64\debug\shooting.tlog\link-rc.read.1.tlog
d:\study\git\projectcpp\dxlibproject\shootinggameprj\shooting\x64\debug\shooting.tlog\link-rc.write.1.tlog
d:\study\git\projectcpp\dxlibproject\shootinggameprj\shooting\x64\debug\shooting.tlog\link.command.1.tlog
d:\study\git\projectcpp\dxlibproject\shootinggameprj\shooting\x64\debug\shooting.tlog\link.read.1.tlog
d:\study\git\projectcpp\dxlibproject\shootinggameprj\shooting\x64\debug\shooting.tlog\link.write.1.tlog
