  Result.cpp
D:\Documents\Project\Project Athena\ProjectShooting\DxLibProject\ShootingGamePrj\Shooting\Game\Scene\BaseSceneController.h(1,1): warning C4819: 현재 코드 페이지(949)에서 표시할 수 없는 문자가 파일에 들어 있습니다. 데이터가 손실되지 않게 하려면 해당 파일을 유니코드 형식으로 저장하십시오.
D:\Documents\Project\Project Athena\ProjectShooting\DxLibProject\ShootingGamePrj\Shooting\System.h(1,1): warning C4819: 현재 코드 페이지(949)에서 표시할 수 없는 문자가 파일에 들어 있습니다. 데이터가 손실되지 않게 하려면 해당 파일을 유니코드 형식으로 저장하십시오.
D:\Documents\Project\Project Athena\ProjectShooting\DxLib_VC3_21b\DxLib_VC\プロジェクトに追加すべきファイル_VC用\DxLib.h(1,1): warning C4819: 현재 코드 페이지(949)에서 표시할 수 없는 문자가 파일에 들어 있습니다. 데이터가 손실되지 않게 하려면 해당 파일을 유니코드 형식으로 저장하십시오.
D:\Documents\Project\Project Athena\ProjectShooting\DxLib_VC3_21b\DxLib_VC\プロジェクトに追加すべきファイル_VC用\DxCompileConfig.h(1,1): warning C4819: 현재 코드 페이지(949)에서 표시할 수 없는 문자가 파일에 들어 있습니다. 데이터가 손실되지 않게 하려면 해당 파일을 유니코드 형식으로 저장하십시오.
D:\Documents\Project\Project Athena\ProjectShooting\DxLib_VC3_21b\DxLib_VC\プロジェクトに追加すべきファイル_VC用\DxDataType.h(1,1): warning C4819: 현재 코드 페이지(949)에서 표시할 수 없는 문자가 파일에 들어 있습니다. 데이터가 손실되지 않게 하려면 해당 파일을 유니코드 형식으로 저장하십시오.
D:\Documents\Project\Project Athena\ProjectShooting\DxLib_VC3_21b\DxLib_VC\プロジェクトに追加すべきファイル_VC用\DxCompileConfig.h(1,1): warning C4819: 현재 코드 페이지(949)에서 표시할 수 없는 문자가 파일에 들어 있습니다. 데이터가 손실되지 않게 하려면 해당 파일을 유니코드 형식으로 저장하십시오.
D:\Documents\Project\Project Athena\ProjectShooting\DxLib_VC3_21b\DxLib_VC\プロジェクトに追加すべきファイル_VC用\DxDataTypeWin.h(1,1): warning C4819: 현재 코드 페이지(949)에서 표시할 수 없는 문자가 파일에 들어 있습니다. 데이터가 손실되지 않게 하려면 해당 파일을 유니코드 형식으로 저장하십시오.
D:\Documents\Project\Project Athena\ProjectShooting\DxLib_VC3_21b\DxLib_VC\プロジェクトに追加すべきファイル_VC用\DxCompileConfig.h(1,1): warning C4819: 현재 코드 페이지(949)에서 표시할 수 없는 문자가 파일에 들어 있습니다. 데이터가 손실되지 않게 하려면 해당 파일을 유니코드 형식으로 저장하십시오.
D:\Documents\Project\Project Athena\ProjectShooting\DxLib_VC3_21b\DxLib_VC\プロジェクトに追加すべきファイル_VC用\DxDataTypeWin.h(1188,1): warning C4819: 현재 코드 페이지(949)에서 표시할 수 없는 문자가 파일에 들어 있습니다. 데이터가 손실되지 않게 하려면 해당 파일을 유니코드 형식으로 저장하십시오.
D:\Documents\Project\Project Athena\ProjectShooting\DxLib_VC3_21b\DxLib_VC\プロジェクトに追加すべきファイル_VC用\DxLib.h(496,1): warning C4819: 현재 코드 페이지(949)에서 표시할 수 없는 문자가 파일에 들어 있습니다. 데이터가 손실되지 않게 하려면 해당 파일을 유니코드 형식으로 저장하십시오.
D:\Documents\Project\Project Athena\ProjectShooting\DxLib_VC3_21b\DxLib_VC\プロジェクトに追加すべきファイル_VC用\DxLib.h(985,1): warning C4819: 현재 코드 페이지(949)에서 표시할 수 없는 문자가 파일에 들어 있습니다. 데이터가 손실되지 않게 하려면 해당 파일을 유니코드 형식으로 저장하십시오.
D:\Documents\Project\Project Athena\ProjectShooting\DxLib_VC3_21b\DxLib_VC\プロジェクトに追加すべきファイル_VC用\DxLib.h(1596,1): warning C4819: 현재 코드 페이지(949)에서 표시할 수 없는 문자가 파일에 들어 있습니다. 데이터가 손실되지 않게 하려면 해당 파일을 유니코드 형식으로 저장하십시오.
D:\Documents\Project\Project Athena\ProjectShooting\DxLib_VC3_21b\DxLib_VC\プロジェクトに追加すべきファイル_VC用\DxFunctionWin.h(1,1): warning C4819: 현재 코드 페이지(949)에서 표시할 수 없는 문자가 파일에 들어 있습니다. 데이터가 손실되지 않게 하려면 해당 파일을 유니코드 형식으로 저장하십시오.
D:\Documents\Project\Project Athena\ProjectShooting\DxLib_VC3_21b\DxLib_VC\プロジェクトに追加すべきファイル_VC用\DxFunctionWin.h(164,1): warning C4819: 현재 코드 페이지(949)에서 표시할 수 없는 문자가 파일에 들어 있습니다. 데이터가 손실되지 않게 하려면 해당 파일을 유니코드 형식으로 저장하십시오.
D:\Documents\Project\Project Athena\ProjectShooting\DxLib_VC3_21b\DxLib_VC\プロジェクトに追加すべきファイル_VC用\DxLib.h(2090,1): warning C4819: 현재 코드 페이지(949)에서 표시할 수 없는 문자가 파일에 들어 있습니다. 데이터가 손실되지 않게 하려면 해당 파일을 유니코드 형식으로 저장하십시오.
D:\Documents\Project\Project Athena\ProjectShooting\DxLib_VC3_21b\DxLib_VC\プロジェクトに追加すべきファイル_VC用\DxLib.h(2306,1): warning C4819: 현재 코드 페이지(949)에서 표시할 수 없는 문자가 파일에 들어 있습니다. 데이터가 손실되지 않게 하려면 해당 파일을 유니코드 형식으로 저장하십시오.
D:\Documents\Project\Project Athena\ProjectShooting\DxLib_VC3_21b\DxLib_VC\プロジェクトに追加すべきファイル_VC用\DxLib.h(2508,1): warning C4819: 현재 코드 페이지(949)에서 표시할 수 없는 문자가 파일에 들어 있습니다. 데이터가 손실되지 않게 하려면 해당 파일을 유니코드 형식으로 저장하십시오.
D:\Documents\Project\Project Athena\ProjectShooting\DxLib_VC3_21b\DxLib_VC\プロジェクトに追加すべきファイル_VC用\DxLib.h(2649,1): warning C4819: 현재 코드 페이지(949)에서 표시할 수 없는 문자가 파일에 들어 있습니다. 데이터가 손실되지 않게 하려면 해당 파일을 유니코드 형식으로 저장하십시오.
D:\Documents\Project\Project Athena\ProjectShooting\DxLib_VC3_21b\DxLib_VC\プロジェクトに追加すべきファイル_VC用\DxLib.h(2775,1): warning C4819: 현재 코드 페이지(949)에서 표시할 수 없는 문자가 파일에 들어 있습니다. 데이터가 손실되지 않게 하려면 해당 파일을 유니코드 형식으로 저장하십시오.
D:\Documents\Project\Project Athena\ProjectShooting\DxLib_VC3_21b\DxLib_VC\プロジェクトに追加すべきファイル_VC用\DxLib.h(2978,1): warning C4819: 현재 코드 페이지(949)에서 표시할 수 없는 문자가 파일에 들어 있습니다. 데이터가 손실되지 않게 하려면 해당 파일을 유니코드 형식으로 저장하십시오.
D:\Documents\Project\Project Athena\ProjectShooting\DxLib_VC3_21b\DxLib_VC\プロジェクトに追加すべきファイル_VC用\DxLib.h(3142,1): warning C4819: 현재 코드 페이지(949)에서 표시할 수 없는 문자가 파일에 들어 있습니다. 데이터가 손실되지 않게 하려면 해당 파일을 유니코드 형식으로 저장하십시오.
D:\Documents\Project\Project Athena\ProjectShooting\DxLib_VC3_21b\DxLib_VC\プロジェクトに追加すべきファイル_VC用\DxLib.h(3391,1): warning C4819: 현재 코드 페이지(949)에서 표시할 수 없는 문자가 파일에 들어 있습니다. 데이터가 손실되지 않게 하려면 해당 파일을 유니코드 형식으로 저장하십시오.
D:\Documents\Project\Project Athena\ProjectShooting\DxLib_VC3_21b\DxLib_VC\プロジェクトに追加すべきファイル_VC用\DxLib.h(3532,1): warning C4819: 현재 코드 페이지(949)에서 표시할 수 없는 문자가 파일에 들어 있습니다. 데이터가 손실되지 않게 하려면 해당 파일을 유니코드 형식으로 저장하십시오.
D:\Documents\Project\Project Athena\ProjectShooting\DxLib_VC3_21b\DxLib_VC\プロジェクトに追加すべきファイル_VC用\DxLib.h(3634,1): warning C4819: 현재 코드 페이지(949)에서 표시할 수 없는 문자가 파일에 들어 있습니다. 데이터가 손실되지 않게 하려면 해당 파일을 유니코드 형식으로 저장하십시오.
D:\Documents\Project\Project Athena\ProjectShooting\DxLib_VC3_21b\DxLib_VC\プロジェクトに追加すべきファイル_VC用\DxLib.h(3810,1): warning C4819: 현재 코드 페이지(949)에서 표시할 수 없는 문자가 파일에 들어 있습니다. 데이터가 손실되지 않게 하려면 해당 파일을 유니코드 형식으로 저장하십시오.
D:\Documents\Project\Project Athena\ProjectShooting\DxLib_VC3_21b\DxLib_VC\プロジェクトに追加すべきファイル_VC用\DxLib.h(4311,1): warning C4819: 현재 코드 페이지(949)에서 표시할 수 없는 문자가 파일에 들어 있습니다. 데이터가 손실되지 않게 하려면 해당 파일을 유니코드 형식으로 저장하십시오.
D:\Documents\Project\Project Athena\ProjectShooting\DxLib_VC3_21b\DxLib_VC\プロジェクトに追加すべきファイル_VC用\DxLib.h(4532,1): warning C4819: 현재 코드 페이지(949)에서 표시할 수 없는 문자가 파일에 들어 있습니다. 데이터가 손실되지 않게 하려면 해당 파일을 유니코드 형식으로 저장하십시오.
D:\Documents\Project\Project Athena\ProjectShooting\DxLib_VC3_21b\DxLib_VC\プロジェクトに追加すべきファイル_VC用\DxLib.h(4709,1): warning C4819: 현재 코드 페이지(949)에서 표시할 수 없는 문자가 파일에 들어 있습니다. 데이터가 손실되지 않게 하려면 해당 파일을 유니코드 형식으로 저장하십시오.
D:\Documents\Project\Project Athena\ProjectShooting\DxLib_VC3_21b\DxLib_VC\プロジェクトに追加すべきファイル_VC用\DxLib.h(4933,1): warning C4819: 현재 코드 페이지(949)에서 표시할 수 없는 문자가 파일에 들어 있습니다. 데이터가 손실되지 않게 하려면 해당 파일을 유니코드 형식으로 저장하십시오.
D:\Documents\Project\Project Athena\ProjectShooting\DxLib_VC3_21b\DxLib_VC\プロジェクトに追加すべきファイル_VC用\DxLib.h(5100,1): warning C4819: 현재 코드 페이지(949)에서 표시할 수 없는 문자가 파일에 들어 있습니다. 데이터가 손실되지 않게 하려면 해당 파일을 유니코드 형식으로 저장하십시오.
  Player.cpp
D:\Documents\Project\Project Athena\ProjectShooting\DxLibProject\ShootingGamePrj\Shooting\Game\Source\Player.h(1,1): warning C4819: 현재 코드 페이지(949)에서 표시할 수 없는 문자가 파일에 들어 있습니다. 데이터가 손실되지 않게 하려면 해당 파일을 유니코드 형식으로 저장하십시오.
D:\Documents\Project\Project Athena\ProjectShooting\DxLib_VC3_21b\DxLib_VC\プロジェクトに追加すべきファイル_VC用\DxLib.h(1,1): warning C4819: 현재 코드 페이지(949)에서 표시할 수 없는 문자가 파일에 들어 있습니다. 데이터가 손실되지 않게 하려면 해당 파일을 유니코드 형식으로 저장하십시오.
D:\Documents\Project\Project Athena\ProjectShooting\DxLib_VC3_21b\DxLib_VC\プロジェクトに追加すべきファイル_VC用\DxCompileConfig.h(1,1): warning C4819: 현재 코드 페이지(949)에서 표시할 수 없는 문자가 파일에 들어 있습니다. 데이터가 손실되지 않게 하려면 해당 파일을 유니코드 형식으로 저장하십시오.
D:\Documents\Project\Project Athena\ProjectShooting\DxLib_VC3_21b\DxLib_VC\プロジェクトに追加すべきファイル_VC用\DxDataType.h(1,1): warning C4819: 현재 코드 페이지(949)에서 표시할 수 없는 문자가 파일에 들어 있습니다. 데이터가 손실되지 않게 하려면 해당 파일을 유니코드 형식으로 저장하십시오.
D:\Documents\Project\Project Athena\ProjectShooting\DxLib_VC3_21b\DxLib_VC\プロジェクトに追加すべきファイル_VC用\DxCompileConfig.h(1,1): warning C4819: 현재 코드 페이지(949)에서 표시할 수 없는 문자가 파일에 들어 있습니다. 데이터가 손실되지 않게 하려면 해당 파일을 유니코드 형식으로 저장하십시오.
D:\Documents\Project\Project Athena\ProjectShooting\DxLib_VC3_21b\DxLib_VC\プロジェクトに追加すべきファイル_VC用\DxDataTypeWin.h(1,1): warning C4819: 현재 코드 페이지(949)에서 표시할 수 없는 문자가 파일에 들어 있습니다. 데이터가 손실되지 않게 하려면 해당 파일을 유니코드 형식으로 저장하십시오.
D:\Documents\Project\Project Athena\ProjectShooting\DxLib_VC3_21b\DxLib_VC\プロジェクトに追加すべきファイル_VC用\DxCompileConfig.h(1,1): warning C4819: 현재 코드 페이지(949)에서 표시할 수 없는 문자가 파일에 들어 있습니다. 데이터가 손실되지 않게 하려면 해당 파일을 유니코드 형식으로 저장하십시오.
D:\Documents\Project\Project Athena\ProjectShooting\DxLib_VC3_21b\DxLib_VC\プロジェクトに追加すべきファイル_VC用\DxDataTypeWin.h(1188,1): warning C4819: 현재 코드 페이지(949)에서 표시할 수 없는 문자가 파일에 들어 있습니다. 데이터가 손실되지 않게 하려면 해당 파일을 유니코드 형식으로 저장하십시오.
D:\Documents\Project\Project Athena\ProjectShooting\DxLib_VC3_21b\DxLib_VC\プロジェクトに追加すべきファイル_VC用\DxLib.h(496,1): warning C4819: 현재 코드 페이지(949)에서 표시할 수 없는 문자가 파일에 들어 있습니다. 데이터가 손실되지 않게 하려면 해당 파일을 유니코드 형식으로 저장하십시오.
D:\Documents\Project\Project Athena\ProjectShooting\DxLib_VC3_21b\DxLib_VC\プロジェクトに追加すべきファイル_VC用\DxLib.h(985,1): warning C4819: 현재 코드 페이지(949)에서 표시할 수 없는 문자가 파일에 들어 있습니다. 데이터가 손실되지 않게 하려면 해당 파일을 유니코드 형식으로 저장하십시오.
D:\Documents\Project\Project Athena\ProjectShooting\DxLib_VC3_21b\DxLib_VC\プロジェクトに追加すべきファイル_VC用\DxLib.h(1596,1): warning C4819: 현재 코드 페이지(949)에서 표시할 수 없는 문자가 파일에 들어 있습니다. 데이터가 손실되지 않게 하려면 해당 파일을 유니코드 형식으로 저장하십시오.
D:\Documents\Project\Project Athena\ProjectShooting\DxLib_VC3_21b\DxLib_VC\プロジェクトに追加すべきファイル_VC用\DxFunctionWin.h(1,1): warning C4819: 현재 코드 페이지(949)에서 표시할 수 없는 문자가 파일에 들어 있습니다. 데이터가 손실되지 않게 하려면 해당 파일을 유니코드 형식으로 저장하십시오.
D:\Documents\Project\Project Athena\ProjectShooting\DxLib_VC3_21b\DxLib_VC\プロジェクトに追加すべきファイル_VC用\DxFunctionWin.h(164,1): warning C4819: 현재 코드 페이지(949)에서 표시할 수 없는 문자가 파일에 들어 있습니다. 데이터가 손실되지 않게 하려면 해당 파일을 유니코드 형식으로 저장하십시오.
D:\Documents\Project\Project Athena\ProjectShooting\DxLib_VC3_21b\DxLib_VC\プロジェクトに追加すべきファイル_VC用\DxLib.h(2090,1): warning C4819: 현재 코드 페이지(949)에서 표시할 수 없는 문자가 파일에 들어 있습니다. 데이터가 손실되지 않게 하려면 해당 파일을 유니코드 형식으로 저장하십시오.
D:\Documents\Project\Project Athena\ProjectShooting\DxLib_VC3_21b\DxLib_VC\プロジェクトに追加すべきファイル_VC用\DxLib.h(2306,1): warning C4819: 현재 코드 페이지(949)에서 표시할 수 없는 문자가 파일에 들어 있습니다. 데이터가 손실되지 않게 하려면 해당 파일을 유니코드 형식으로 저장하십시오.
D:\Documents\Project\Project Athena\ProjectShooting\DxLib_VC3_21b\DxLib_VC\プロジェクトに追加すべきファイル_VC用\DxLib.h(2508,1): warning C4819: 현재 코드 페이지(949)에서 표시할 수 없는 문자가 파일에 들어 있습니다. 데이터가 손실되지 않게 하려면 해당 파일을 유니코드 형식으로 저장하십시오.
D:\Documents\Project\Project Athena\ProjectShooting\DxLib_VC3_21b\DxLib_VC\プロジェクトに追加すべきファイル_VC用\DxLib.h(2649,1): warning C4819: 현재 코드 페이지(949)에서 표시할 수 없는 문자가 파일에 들어 있습니다. 데이터가 손실되지 않게 하려면 해당 파일을 유니코드 형식으로 저장하십시오.
D:\Documents\Project\Project Athena\ProjectShooting\DxLib_VC3_21b\DxLib_VC\プロジェクトに追加すべきファイル_VC用\DxLib.h(2775,1): warning C4819: 현재 코드 페이지(949)에서 표시할 수 없는 문자가 파일에 들어 있습니다. 데이터가 손실되지 않게 하려면 해당 파일을 유니코드 형식으로 저장하십시오.
D:\Documents\Project\Project Athena\ProjectShooting\DxLib_VC3_21b\DxLib_VC\プロジェクトに追加すべきファイル_VC用\DxLib.h(2978,1): warning C4819: 현재 코드 페이지(949)에서 표시할 수 없는 문자가 파일에 들어 있습니다. 데이터가 손실되지 않게 하려면 해당 파일을 유니코드 형식으로 저장하십시오.
D:\Documents\Project\Project Athena\ProjectShooting\DxLib_VC3_21b\DxLib_VC\プロジェクトに追加すべきファイル_VC用\DxLib.h(3142,1): warning C4819: 현재 코드 페이지(949)에서 표시할 수 없는 문자가 파일에 들어 있습니다. 데이터가 손실되지 않게 하려면 해당 파일을 유니코드 형식으로 저장하십시오.
D:\Documents\Project\Project Athena\ProjectShooting\DxLib_VC3_21b\DxLib_VC\プロジェクトに追加すべきファイル_VC用\DxLib.h(3391,1): warning C4819: 현재 코드 페이지(949)에서 표시할 수 없는 문자가 파일에 들어 있습니다. 데이터가 손실되지 않게 하려면 해당 파일을 유니코드 형식으로 저장하십시오.
D:\Documents\Project\Project Athena\ProjectShooting\DxLib_VC3_21b\DxLib_VC\プロジェクトに追加すべきファイル_VC用\DxLib.h(3532,1): warning C4819: 현재 코드 페이지(949)에서 표시할 수 없는 문자가 파일에 들어 있습니다. 데이터가 손실되지 않게 하려면 해당 파일을 유니코드 형식으로 저장하십시오.
D:\Documents\Project\Project Athena\ProjectShooting\DxLib_VC3_21b\DxLib_VC\プロジェクトに追加すべきファイル_VC用\DxLib.h(3634,1): warning C4819: 현재 코드 페이지(949)에서 표시할 수 없는 문자가 파일에 들어 있습니다. 데이터가 손실되지 않게 하려면 해당 파일을 유니코드 형식으로 저장하십시오.
D:\Documents\Project\Project Athena\ProjectShooting\DxLib_VC3_21b\DxLib_VC\プロジェクトに追加すべきファイル_VC用\DxLib.h(3810,1): warning C4819: 현재 코드 페이지(949)에서 표시할 수 없는 문자가 파일에 들어 있습니다. 데이터가 손실되지 않게 하려면 해당 파일을 유니코드 형식으로 저장하십시오.
D:\Documents\Project\Project Athena\ProjectShooting\DxLib_VC3_21b\DxLib_VC\プロジェクトに追加すべきファイル_VC用\DxLib.h(4311,1): warning C4819: 현재 코드 페이지(949)에서 표시할 수 없는 문자가 파일에 들어 있습니다. 데이터가 손실되지 않게 하려면 해당 파일을 유니코드 형식으로 저장하십시오.
D:\Documents\Project\Project Athena\ProjectShooting\DxLib_VC3_21b\DxLib_VC\プロジェクトに追加すべきファイル_VC用\DxLib.h(4532,1): warning C4819: 현재 코드 페이지(949)에서 표시할 수 없는 문자가 파일에 들어 있습니다. 데이터가 손실되지 않게 하려면 해당 파일을 유니코드 형식으로 저장하십시오.
D:\Documents\Project\Project Athena\ProjectShooting\DxLib_VC3_21b\DxLib_VC\プロジェクトに追加すべきファイル_VC用\DxLib.h(4709,1): warning C4819: 현재 코드 페이지(949)에서 표시할 수 없는 문자가 파일에 들어 있습니다. 데이터가 손실되지 않게 하려면 해당 파일을 유니코드 형식으로 저장하십시오.
D:\Documents\Project\Project Athena\ProjectShooting\DxLib_VC3_21b\DxLib_VC\プロジェクトに追加すべきファイル_VC用\DxLib.h(4933,1): warning C4819: 현재 코드 페이지(949)에서 표시할 수 없는 문자가 파일에 들어 있습니다. 데이터가 손실되지 않게 하려면 해당 파일을 유니코드 형식으로 저장하십시오.
D:\Documents\Project\Project Athena\ProjectShooting\DxLib_VC3_21b\DxLib_VC\プロジェクトに追加すべきファイル_VC用\DxLib.h(5100,1): warning C4819: 현재 코드 페이지(949)에서 표시할 수 없는 문자가 파일에 들어 있습니다. 데이터가 손실되지 않게 하려면 해당 파일을 유니코드 형식으로 저장하십시오.
D:\Documents\Project\Project Athena\ProjectShooting\DxLibProject\ShootingGamePrj\Shooting\System.h(1,1): warning C4819: 현재 코드 페이지(949)에서 표시할 수 없는 문자가 파일에 들어 있습니다. 데이터가 손실되지 않게 하려면 해당 파일을 유니코드 형식으로 저장하십시오.
D:\Documents\Project\Project Athena\ProjectShooting\DxLibProject\ShootingGamePrj\Shooting\Game\Source\Bullet.h(44,16): warning C4305: '초기화 중': 'double'에서 'float'(으)로 잘립니다.
  InputKey.cpp
D:\Documents\Project\Project Athena\ProjectShooting\DxLib_VC3_21b\DxLib_VC\プロジェクトに追加すべきファイル_VC用\DxLib.h(1,1): warning C4819: 현재 코드 페이지(949)에서 표시할 수 없는 문자가 파일에 들어 있습니다. 데이터가 손실되지 않게 하려면 해당 파일을 유니코드 형식으로 저장하십시오.
D:\Documents\Project\Project Athena\ProjectShooting\DxLib_VC3_21b\DxLib_VC\プロジェクトに追加すべきファイル_VC用\DxCompileConfig.h(1,1): warning C4819: 현재 코드 페이지(949)에서 표시할 수 없는 문자가 파일에 들어 있습니다. 데이터가 손실되지 않게 하려면 해당 파일을 유니코드 형식으로 저장하십시오.
D:\Documents\Project\Project Athena\ProjectShooting\DxLib_VC3_21b\DxLib_VC\プロジェクトに追加すべきファイル_VC用\DxDataType.h(1,1): warning C4819: 현재 코드 페이지(949)에서 표시할 수 없는 문자가 파일에 들어 있습니다. 데이터가 손실되지 않게 하려면 해당 파일을 유니코드 형식으로 저장하십시오.
D:\Documents\Project\Project Athena\ProjectShooting\DxLib_VC3_21b\DxLib_VC\プロジェクトに追加すべきファイル_VC用\DxCompileConfig.h(1,1): warning C4819: 현재 코드 페이지(949)에서 표시할 수 없는 문자가 파일에 들어 있습니다. 데이터가 손실되지 않게 하려면 해당 파일을 유니코드 형식으로 저장하십시오.
D:\Documents\Project\Project Athena\ProjectShooting\DxLib_VC3_21b\DxLib_VC\プロジェクトに追加すべきファイル_VC用\DxDataTypeWin.h(1,1): warning C4819: 현재 코드 페이지(949)에서 표시할 수 없는 문자가 파일에 들어 있습니다. 데이터가 손실되지 않게 하려면 해당 파일을 유니코드 형식으로 저장하십시오.
D:\Documents\Project\Project Athena\ProjectShooting\DxLib_VC3_21b\DxLib_VC\プロジェクトに追加すべきファイル_VC用\DxCompileConfig.h(1,1): warning C4819: 현재 코드 페이지(949)에서 표시할 수 없는 문자가 파일에 들어 있습니다. 데이터가 손실되지 않게 하려면 해당 파일을 유니코드 형식으로 저장하십시오.
D:\Documents\Project\Project Athena\ProjectShooting\DxLib_VC3_21b\DxLib_VC\プロジェクトに追加すべきファイル_VC用\DxDataTypeWin.h(1188,1): warning C4819: 현재 코드 페이지(949)에서 표시할 수 없는 문자가 파일에 들어 있습니다. 데이터가 손실되지 않게 하려면 해당 파일을 유니코드 형식으로 저장하십시오.
D:\Documents\Project\Project Athena\ProjectShooting\DxLib_VC3_21b\DxLib_VC\プロジェクトに追加すべきファイル_VC用\DxLib.h(496,1): warning C4819: 현재 코드 페이지(949)에서 표시할 수 없는 문자가 파일에 들어 있습니다. 데이터가 손실되지 않게 하려면 해당 파일을 유니코드 형식으로 저장하십시오.
D:\Documents\Project\Project Athena\ProjectShooting\DxLib_VC3_21b\DxLib_VC\プロジェクトに追加すべきファイル_VC用\DxLib.h(985,1): warning C4819: 현재 코드 페이지(949)에서 표시할 수 없는 문자가 파일에 들어 있습니다. 데이터가 손실되지 않게 하려면 해당 파일을 유니코드 형식으로 저장하십시오.
D:\Documents\Project\Project Athena\ProjectShooting\DxLib_VC3_21b\DxLib_VC\プロジェクトに追加すべきファイル_VC用\DxLib.h(1596,1): warning C4819: 현재 코드 페이지(949)에서 표시할 수 없는 문자가 파일에 들어 있습니다. 데이터가 손실되지 않게 하려면 해당 파일을 유니코드 형식으로 저장하십시오.
D:\Documents\Project\Project Athena\ProjectShooting\DxLib_VC3_21b\DxLib_VC\プロジェクトに追加すべきファイル_VC用\DxFunctionWin.h(1,1): warning C4819: 현재 코드 페이지(949)에서 표시할 수 없는 문자가 파일에 들어 있습니다. 데이터가 손실되지 않게 하려면 해당 파일을 유니코드 형식으로 저장하십시오.
D:\Documents\Project\Project Athena\ProjectShooting\DxLib_VC3_21b\DxLib_VC\プロジェクトに追加すべきファイル_VC用\DxFunctionWin.h(164,1): warning C4819: 현재 코드 페이지(949)에서 표시할 수 없는 문자가 파일에 들어 있습니다. 데이터가 손실되지 않게 하려면 해당 파일을 유니코드 형식으로 저장하십시오.
D:\Documents\Project\Project Athena\ProjectShooting\DxLib_VC3_21b\DxLib_VC\プロジェクトに追加すべきファイル_VC用\DxLib.h(2090,1): warning C4819: 현재 코드 페이지(949)에서 표시할 수 없는 문자가 파일에 들어 있습니다. 데이터가 손실되지 않게 하려면 해당 파일을 유니코드 형식으로 저장하십시오.
D:\Documents\Project\Project Athena\ProjectShooting\DxLib_VC3_21b\DxLib_VC\プロジェクトに追加すべきファイル_VC用\DxLib.h(2306,1): warning C4819: 현재 코드 페이지(949)에서 표시할 수 없는 문자가 파일에 들어 있습니다. 데이터가 손실되지 않게 하려면 해당 파일을 유니코드 형식으로 저장하십시오.
D:\Documents\Project\Project Athena\ProjectShooting\DxLib_VC3_21b\DxLib_VC\プロジェクトに追加すべきファイル_VC用\DxLib.h(2508,1): warning C4819: 현재 코드 페이지(949)에서 표시할 수 없는 문자가 파일에 들어 있습니다. 데이터가 손실되지 않게 하려면 해당 파일을 유니코드 형식으로 저장하십시오.
D:\Documents\Project\Project Athena\ProjectShooting\DxLib_VC3_21b\DxLib_VC\プロジェクトに追加すべきファイル_VC用\DxLib.h(2649,1): warning C4819: 현재 코드 페이지(949)에서 표시할 수 없는 문자가 파일에 들어 있습니다. 데이터가 손실되지 않게 하려면 해당 파일을 유니코드 형식으로 저장하십시오.
D:\Documents\Project\Project Athena\ProjectShooting\DxLib_VC3_21b\DxLib_VC\プロジェクトに追加すべきファイル_VC用\DxLib.h(2775,1): warning C4819: 현재 코드 페이지(949)에서 표시할 수 없는 문자가 파일에 들어 있습니다. 데이터가 손실되지 않게 하려면 해당 파일을 유니코드 형식으로 저장하십시오.
D:\Documents\Project\Project Athena\ProjectShooting\DxLib_VC3_21b\DxLib_VC\プロジェクトに追加すべきファイル_VC用\DxLib.h(2978,1): warning C4819: 현재 코드 페이지(949)에서 표시할 수 없는 문자가 파일에 들어 있습니다. 데이터가 손실되지 않게 하려면 해당 파일을 유니코드 형식으로 저장하십시오.
D:\Documents\Project\Project Athena\ProjectShooting\DxLib_VC3_21b\DxLib_VC\プロジェクトに追加すべきファイル_VC用\DxLib.h(3142,1): warning C4819: 현재 코드 페이지(949)에서 표시할 수 없는 문자가 파일에 들어 있습니다. 데이터가 손실되지 않게 하려면 해당 파일을 유니코드 형식으로 저장하십시오.
D:\Documents\Project\Project Athena\ProjectShooting\DxLib_VC3_21b\DxLib_VC\プロジェクトに追加すべきファイル_VC用\DxLib.h(3391,1): warning C4819: 현재 코드 페이지(949)에서 표시할 수 없는 문자가 파일에 들어 있습니다. 데이터가 손실되지 않게 하려면 해당 파일을 유니코드 형식으로 저장하십시오.
D:\Documents\Project\Project Athena\ProjectShooting\DxLib_VC3_21b\DxLib_VC\プロジェクトに追加すべきファイル_VC用\DxLib.h(3532,1): warning C4819: 현재 코드 페이지(949)에서 표시할 수 없는 문자가 파일에 들어 있습니다. 데이터가 손실되지 않게 하려면 해당 파일을 유니코드 형식으로 저장하십시오.
D:\Documents\Project\Project Athena\ProjectShooting\DxLib_VC3_21b\DxLib_VC\プロジェクトに追加すべきファイル_VC用\DxLib.h(3634,1): warning C4819: 현재 코드 페이지(949)에서 표시할 수 없는 문자가 파일에 들어 있습니다. 데이터가 손실되지 않게 하려면 해당 파일을 유니코드 형식으로 저장하십시오.
D:\Documents\Project\Project Athena\ProjectShooting\DxLib_VC3_21b\DxLib_VC\プロジェクトに追加すべきファイル_VC用\DxLib.h(3810,1): warning C4819: 현재 코드 페이지(949)에서 표시할 수 없는 문자가 파일에 들어 있습니다. 데이터가 손실되지 않게 하려면 해당 파일을 유니코드 형식으로 저장하십시오.
D:\Documents\Project\Project Athena\ProjectShooting\DxLib_VC3_21b\DxLib_VC\プロジェクトに追加すべきファイル_VC用\DxLib.h(4311,1): warning C4819: 현재 코드 페이지(949)에서 표시할 수 없는 문자가 파일에 들어 있습니다. 데이터가 손실되지 않게 하려면 해당 파일을 유니코드 형식으로 저장하십시오.
D:\Documents\Project\Project Athena\ProjectShooting\DxLib_VC3_21b\DxLib_VC\プロジェクトに追加すべきファイル_VC用\DxLib.h(4532,1): warning C4819: 현재 코드 페이지(949)에서 표시할 수 없는 문자가 파일에 들어 있습니다. 데이터가 손실되지 않게 하려면 해당 파일을 유니코드 형식으로 저장하십시오.
D:\Documents\Project\Project Athena\ProjectShooting\DxLib_VC3_21b\DxLib_VC\プロジェクトに追加すべきファイル_VC用\DxLib.h(4709,1): warning C4819: 현재 코드 페이지(949)에서 표시할 수 없는 문자가 파일에 들어 있습니다. 데이터가 손실되지 않게 하려면 해당 파일을 유니코드 형식으로 저장하십시오.
D:\Documents\Project\Project Athena\ProjectShooting\DxLib_VC3_21b\DxLib_VC\プロジェクトに追加すべきファイル_VC用\DxLib.h(4933,1): warning C4819: 현재 코드 페이지(949)에서 표시할 수 없는 문자가 파일에 들어 있습니다. 데이터가 손실되지 않게 하려면 해당 파일을 유니코드 형식으로 저장하십시오.
D:\Documents\Project\Project Athena\ProjectShooting\DxLib_VC3_21b\DxLib_VC\プロジェクトに追加すべきファイル_VC用\DxLib.h(5100,1): warning C4819: 현재 코드 페이지(949)에서 표시할 수 없는 문자가 파일에 들어 있습니다. 데이터가 손실되지 않게 하려면 해당 파일을 유니코드 형식으로 저장하십시오.
  코드를 생성하고 있습니다...
  Shooting.vcxproj -> D:\Documents\Project\Project Athena\ProjectShooting\DxLibProject\ShootingGamePrj\x64\Debug\Shooting.exe
