  main.cpp
d:\test\c++\projectcpp\dxlib_vc3_21b\dxlib_vc\プロジェクトに追加すべきファイル_vc用\dxlib.h : warning C4819: 현재 코드 페이지(949)에서 표시할 수 없는 문자가 파일에 들어 있습니다. 데이터가 손실되지 않게 하려면 해당 파일을 유니코드 형식으로 저장하십시오.
d:\test\c++\projectcpp\dxlib_vc3_21b\dxlib_vc\プロジェクトに追加すべきファイル_vc用\dxcompileconfig.h : warning C4819: 현재 코드 페이지(949)에서 표시할 수 없는 문자가 파일에 들어 있습니다. 데이터가 손실되지 않게 하려면 해당 파일을 유니코드 형식으로 저장하십시오.
d:\test\c++\projectcpp\dxlib_vc3_21b\dxlib_vc\プロジェクトに追加すべきファイル_vc用\dxdatatype.h : warning C4819: 현재 코드 페이지(949)에서 표시할 수 없는 문자가 파일에 들어 있습니다. 데이터가 손실되지 않게 하려면 해당 파일을 유니코드 형식으로 저장하십시오.
d:\test\c++\projectcpp\dxlib_vc3_21b\dxlib_vc\プロジェクトに追加すべきファイル_vc用\dxcompileconfig.h : warning C4819: 현재 코드 페이지(949)에서 표시할 수 없는 문자가 파일에 들어 있습니다. 데이터가 손실되지 않게 하려면 해당 파일을 유니코드 형식으로 저장하십시오.
d:\test\c++\projectcpp\dxlib_vc3_21b\dxlib_vc\プロジェクトに追加すべきファイル_vc用\dxdatatypewin.h : warning C4819: 현재 코드 페이지(949)에서 표시할 수 없는 문자가 파일에 들어 있습니다. 데이터가 손실되지 않게 하려면 해당 파일을 유니코드 형식으로 저장하십시오.
d:\test\c++\projectcpp\dxlib_vc3_21b\dxlib_vc\プロジェクトに追加すべきファイル_vc用\dxcompileconfig.h : warning C4819: 현재 코드 페이지(949)에서 표시할 수 없는 문자가 파일에 들어 있습니다. 데이터가 손실되지 않게 하려면 해당 파일을 유니코드 형식으로 저장하십시오.
d:\test\c++\projectcpp\dxlib_vc3_21b\dxlib_vc\プロジェクトに追加すべきファイル_vc用\dxdatatypewin.h(1187): warning C4819: 현재 코드 페이지(949)에서 표시할 수 없는 문자가 파일에 들어 있습니다. 데이터가 손실되지 않게 하려면 해당 파일을 유니코드 형식으로 저장하십시오.
d:\test\c++\projectcpp\dxlib_vc3_21b\dxlib_vc\プロジェクトに追加すべきファイル_vc用\dxlib.h(495): warning C4819: 현재 코드 페이지(949)에서 표시할 수 없는 문자가 파일에 들어 있습니다. 데이터가 손실되지 않게 하려면 해당 파일을 유니코드 형식으로 저장하십시오.
d:\test\c++\projectcpp\dxlib_vc3_21b\dxlib_vc\プロジェクトに追加すべきファイル_vc用\dxlib.h(984): warning C4819: 현재 코드 페이지(949)에서 표시할 수 없는 문자가 파일에 들어 있습니다. 데이터가 손실되지 않게 하려면 해당 파일을 유니코드 형식으로 저장하십시오.
d:\test\c++\projectcpp\dxlib_vc3_21b\dxlib_vc\プロジェクトに追加すべきファイル_vc用\dxlib.h(1595): warning C4819: 현재 코드 페이지(949)에서 표시할 수 없는 문자가 파일에 들어 있습니다. 데이터가 손실되지 않게 하려면 해당 파일을 유니코드 형식으로 저장하십시오.
d:\test\c++\projectcpp\dxlib_vc3_21b\dxlib_vc\プロジェクトに追加すべきファイル_vc用\dxfunctionwin.h : warning C4819: 현재 코드 페이지(949)에서 표시할 수 없는 문자가 파일에 들어 있습니다. 데이터가 손실되지 않게 하려면 해당 파일을 유니코드 형식으로 저장하십시오.
d:\test\c++\projectcpp\dxlib_vc3_21b\dxlib_vc\プロジェクトに追加すべきファイル_vc用\dxfunctionwin.h(163): warning C4819: 현재 코드 페이지(949)에서 표시할 수 없는 문자가 파일에 들어 있습니다. 데이터가 손실되지 않게 하려면 해당 파일을 유니코드 형식으로 저장하십시오.
d:\test\c++\projectcpp\dxlib_vc3_21b\dxlib_vc\プロジェクトに追加すべきファイル_vc用\dxlib.h(2089): warning C4819: 현재 코드 페이지(949)에서 표시할 수 없는 문자가 파일에 들어 있습니다. 데이터가 손실되지 않게 하려면 해당 파일을 유니코드 형식으로 저장하십시오.
d:\test\c++\projectcpp\dxlib_vc3_21b\dxlib_vc\プロジェクトに追加すべきファイル_vc用\dxlib.h(2305): warning C4819: 현재 코드 페이지(949)에서 표시할 수 없는 문자가 파일에 들어 있습니다. 데이터가 손실되지 않게 하려면 해당 파일을 유니코드 형식으로 저장하십시오.
d:\test\c++\projectcpp\dxlib_vc3_21b\dxlib_vc\プロジェクトに追加すべきファイル_vc用\dxlib.h(2507): warning C4819: 현재 코드 페이지(949)에서 표시할 수 없는 문자가 파일에 들어 있습니다. 데이터가 손실되지 않게 하려면 해당 파일을 유니코드 형식으로 저장하십시오.
d:\test\c++\projectcpp\dxlib_vc3_21b\dxlib_vc\プロジェクトに追加すべきファイル_vc用\dxlib.h(2648): warning C4819: 현재 코드 페이지(949)에서 표시할 수 없는 문자가 파일에 들어 있습니다. 데이터가 손실되지 않게 하려면 해당 파일을 유니코드 형식으로 저장하십시오.
d:\test\c++\projectcpp\dxlib_vc3_21b\dxlib_vc\プロジェクトに追加すべきファイル_vc用\dxlib.h(2774): warning C4819: 현재 코드 페이지(949)에서 표시할 수 없는 문자가 파일에 들어 있습니다. 데이터가 손실되지 않게 하려면 해당 파일을 유니코드 형식으로 저장하십시오.
d:\test\c++\projectcpp\dxlib_vc3_21b\dxlib_vc\プロジェクトに追加すべきファイル_vc用\dxlib.h(2977): warning C4819: 현재 코드 페이지(949)에서 표시할 수 없는 문자가 파일에 들어 있습니다. 데이터가 손실되지 않게 하려면 해당 파일을 유니코드 형식으로 저장하십시오.
d:\test\c++\projectcpp\dxlib_vc3_21b\dxlib_vc\プロジェクトに追加すべきファイル_vc用\dxlib.h(3141): warning C4819: 현재 코드 페이지(949)에서 표시할 수 없는 문자가 파일에 들어 있습니다. 데이터가 손실되지 않게 하려면 해당 파일을 유니코드 형식으로 저장하십시오.
d:\test\c++\projectcpp\dxlib_vc3_21b\dxlib_vc\プロジェクトに追加すべきファイル_vc用\dxlib.h(3390): warning C4819: 현재 코드 페이지(949)에서 표시할 수 없는 문자가 파일에 들어 있습니다. 데이터가 손실되지 않게 하려면 해당 파일을 유니코드 형식으로 저장하십시오.
d:\test\c++\projectcpp\dxlib_vc3_21b\dxlib_vc\プロジェクトに追加すべきファイル_vc用\dxlib.h(3531): warning C4819: 현재 코드 페이지(949)에서 표시할 수 없는 문자가 파일에 들어 있습니다. 데이터가 손실되지 않게 하려면 해당 파일을 유니코드 형식으로 저장하십시오.
d:\test\c++\projectcpp\dxlib_vc3_21b\dxlib_vc\プロジェクトに追加すべきファイル_vc用\dxlib.h(3633): warning C4819: 현재 코드 페이지(949)에서 표시할 수 없는 문자가 파일에 들어 있습니다. 데이터가 손실되지 않게 하려면 해당 파일을 유니코드 형식으로 저장하십시오.
d:\test\c++\projectcpp\dxlib_vc3_21b\dxlib_vc\プロジェクトに追加すべきファイル_vc用\dxlib.h(3809): warning C4819: 현재 코드 페이지(949)에서 표시할 수 없는 문자가 파일에 들어 있습니다. 데이터가 손실되지 않게 하려면 해당 파일을 유니코드 형식으로 저장하십시오.
d:\test\c++\projectcpp\dxlib_vc3_21b\dxlib_vc\プロジェクトに追加すべきファイル_vc用\dxlib.h(4310): warning C4819: 현재 코드 페이지(949)에서 표시할 수 없는 문자가 파일에 들어 있습니다. 데이터가 손실되지 않게 하려면 해당 파일을 유니코드 형식으로 저장하십시오.
d:\test\c++\projectcpp\dxlib_vc3_21b\dxlib_vc\プロジェクトに追加すべきファイル_vc用\dxlib.h(4531): warning C4819: 현재 코드 페이지(949)에서 표시할 수 없는 문자가 파일에 들어 있습니다. 데이터가 손실되지 않게 하려면 해당 파일을 유니코드 형식으로 저장하십시오.
d:\test\c++\projectcpp\dxlib_vc3_21b\dxlib_vc\プロジェクトに追加すべきファイル_vc用\dxlib.h(4708): warning C4819: 현재 코드 페이지(949)에서 표시할 수 없는 문자가 파일에 들어 있습니다. 데이터가 손실되지 않게 하려면 해당 파일을 유니코드 형식으로 저장하십시오.
d:\test\c++\projectcpp\dxlib_vc3_21b\dxlib_vc\プロジェクトに追加すべきファイル_vc用\dxlib.h(4932): warning C4819: 현재 코드 페이지(949)에서 표시할 수 없는 문자가 파일에 들어 있습니다. 데이터가 손실되지 않게 하려면 해당 파일을 유니코드 형식으로 저장하십시오.
d:\test\c++\projectcpp\dxlib_vc3_21b\dxlib_vc\プロジェクトに追加すべきファイル_vc用\dxlib.h(5099): warning C4819: 현재 코드 페이지(949)에서 표시할 수 없는 문자가 파일에 들어 있습니다. 데이터가 손실되지 않게 하려면 해당 파일을 유니코드 형식으로 저장하십시오.
  DxLibMoveController.vcxproj -> D:\Test\C++\projectcpp\DxLibProject\DxLibMoveController\x64\Debug\DxLibMoveController.exe
